c:\users\losta\documents\github\md\md_new0.1\debug\md_new0.1.pch
c:\users\losta\documents\github\md\md_new0.1\debug\vc120.pdb
c:\users\losta\documents\github\md\md_new0.1\debug\stdafx.obj
c:\users\losta\documents\github\md\md_new0.1\debug\prog.obj
c:\users\losta\documents\github\md\md_new0.1\debug\assemblyinfo.obj
c:\users\losta\documents\github\md\md_new0.1\debug\.netframework,version=v4.5.assemblyattributes.obj
c:\users\losta\documents\github\md\debug\md_new0.1.exe
c:\users\losta\documents\github\md\debug\md_new0.1.pdb
c:\users\losta\documents\github\md\md_new0.1\debug\app.res
c:\users\losta\documents\github\md\md_new0.1\debug\md_new0.1.vcxprojresolveassemblyreference.cache
c:\users\losta\documents\github\md\md_new0.1\debug\md_new0.1.tlog\cl.command.1.tlog
c:\users\losta\documents\github\md\md_new0.1\debug\md_new0.1.tlog\cl.read.1.tlog
c:\users\losta\documents\github\md\md_new0.1\debug\md_new0.1.tlog\cl.write.1.tlog
c:\users\losta\documents\github\md\md_new0.1\debug\md_new0.1.tlog\link.command.1.tlog
c:\users\losta\documents\github\md\md_new0.1\debug\md_new0.1.tlog\link.read.1.tlog
c:\users\losta\documents\github\md\md_new0.1\debug\md_new0.1.tlog\link.write.1.tlog
c:\users\losta\documents\github\md\md_new0.1\debug\md_new0.1.tlog\metagen.read.1.tlog
c:\users\losta\documents\github\md\md_new0.1\debug\md_new0.1.tlog\metagen.write.1.tlog
c:\users\losta\documents\github\md\md_new0.1\debug\md_new0.1.tlog\rc.command.1.tlog
c:\users\losta\documents\github\md\md_new0.1\debug\md_new0.1.tlog\rc.read.1.tlog
c:\users\losta\documents\github\md\md_new0.1\debug\md_new0.1.tlog\rc.write.1.tlog
c:\users\losta\documents\github\md\md_new0.1\debug\md_new0.1.tlog\tzres.dll.bi
