Сборка начата 14.11.2015 18:01:09.
     1>Проект "C:\MD\MD2.0\MD2.0\MD2.0.vcxproj" в узле 2 (целевые объекты Build).
     1>ClCompile:
         C:\Program Files (x86)\Microsoft Visual Studio 14.0\VC\bin\x86_amd64\CL.exe /c /ZI /nologo /W3 /WX- /sdl- /Od /D _DEBUG /D _CONSOLE /D _UNICODE /D UNICODE /Gm /EHsc /RTC1 /MDd /GS /fp:precise /Zc:wchar_t /Zc:forScope /Zc:inline /Yu"stdafx.h" /Fp"x64\Debug\MD2.0.pch" /Fo"x64\Debug\\" /Fd"x64\Debug\vc140.pdb" /Gd /TP /errorReport:prompt MD2.0.cpp
         MD2.0.cpp
     1>c:\md\md2.0\md2.0\md2.0.cpp(829): warning C4244: аргумент: преобразование "time_t" в "unsigned int", возможна потеря данных
     1>c:\md\md2.0\md2.0\md2.0.cpp(1197): warning C4996: 'fscanf': This function or variable may be unsafe. Consider using fscanf_s instead. To disable deprecation, use _CRT_SECURE_NO_WARNINGS. See online help for details.
         c:\program files (x86)\windows kits\10\include\10.0.10150.0\ucrt\stdio.h(1193): note:  см. объявление "fscanf"
     1>c:\md\md2.0\md2.0\md2.0.cpp(1199): warning C4996: 'fscanf': This function or variable may be unsafe. Consider using fscanf_s instead. To disable deprecation, use _CRT_SECURE_NO_WARNINGS. See online help for details.
         c:\program files (x86)\windows kits\10\include\10.0.10150.0\ucrt\stdio.h(1193): note:  см. объявление "fscanf"
     1>c:\md\md2.0\md2.0\md2.0.cpp(1259): warning C4996: 'fscanf': This function or variable may be unsafe. Consider using fscanf_s instead. To disable deprecation, use _CRT_SECURE_NO_WARNINGS. See online help for details.
         c:\program files (x86)\windows kits\10\include\10.0.10150.0\ucrt\stdio.h(1193): note:  см. объявление "fscanf"
     1>c:\md\md2.0\md2.0\md2.0.cpp(1305): warning C4996: 'fopen': This function or variable may be unsafe. Consider using fopen_s instead. To disable deprecation, use _CRT_SECURE_NO_WARNINGS. See online help for details.
         c:\program files (x86)\windows kits\10\include\10.0.10150.0\ucrt\stdio.h(205): note:  см. объявление "fopen"
     1>c:\md\md2.0\md2.0\md2.0.cpp(1312): warning C4996: 'fscanf': This function or variable may be unsafe. Consider using fscanf_s instead. To disable deprecation, use _CRT_SECURE_NO_WARNINGS. See online help for details.
         c:\program files (x86)\windows kits\10\include\10.0.10150.0\ucrt\stdio.h(1193): note:  см. объявление "fscanf"
     1>c:\md\md2.0\md2.0\md2.0.cpp(1314): warning C4996: 'fscanf': This function or variable may be unsafe. Consider using fscanf_s instead. To disable deprecation, use _CRT_SECURE_NO_WARNINGS. See online help for details.
         c:\program files (x86)\windows kits\10\include\10.0.10150.0\ucrt\stdio.h(1193): note:  см. объявление "fscanf"
     1>c:\md\md2.0\md2.0\md2.0.cpp(1316): warning C4996: 'fscanf': This function or variable may be unsafe. Consider using fscanf_s instead. To disable deprecation, use _CRT_SECURE_NO_WARNINGS. See online help for details.
         c:\program files (x86)\windows kits\10\include\10.0.10150.0\ucrt\stdio.h(1193): note:  см. объявление "fscanf"
     1>c:\md\md2.0\md2.0\md2.0.cpp(1319): warning C4996: 'fscanf': This function or variable may be unsafe. Consider using fscanf_s instead. To disable deprecation, use _CRT_SECURE_NO_WARNINGS. See online help for details.
         c:\program files (x86)\windows kits\10\include\10.0.10150.0\ucrt\stdio.h(1193): note:  см. объявление "fscanf"
     1>c:\md\md2.0\md2.0\md2.0.cpp(1405): warning C4996: 'fopen': This function or variable may be unsafe. Consider using fopen_s instead. To disable deprecation, use _CRT_SECURE_NO_WARNINGS. See online help for details.
         c:\program files (x86)\windows kits\10\include\10.0.10150.0\ucrt\stdio.h(205): note:  см. объявление "fopen"
     1>c:\md\md2.0\md2.0\md2.0.cpp(1468): warning C4244: =: преобразование "double" в "int", возможна потеря данных
     1>c:\md\md2.0\md2.0\md2.0.cpp(1469): warning C4244: =: преобразование "double" в "int", возможна потеря данных
     1>c:\md\md2.0\md2.0\md2.0.cpp(1492): warning C4244: аргумент: преобразование "time_t" в "unsigned int", возможна потеря данных
     1>c:\md\md2.0\md2.0\md2.0.cpp(2027): warning C4996: 'fopen': This function or variable may be unsafe. Consider using fopen_s instead. To disable deprecation, use _CRT_SECURE_NO_WARNINGS. See online help for details.
         c:\program files (x86)\windows kits\10\include\10.0.10150.0\ucrt\stdio.h(205): note:  см. объявление "fopen"
     1>c:\md\md2.0\md2.0\md2.0.cpp(2050): warning C4996: 'fopen': This function or variable may be unsafe. Consider using fopen_s instead. To disable deprecation, use _CRT_SECURE_NO_WARNINGS. See online help for details.
         c:\program files (x86)\windows kits\10\include\10.0.10150.0\ucrt\stdio.h(205): note:  см. объявление "fopen"
     1>c:\md\md2.0\md2.0\md2.0.cpp(2253): warning C4996: 'fopen': This function or variable may be unsafe. Consider using fopen_s instead. To disable deprecation, use _CRT_SECURE_NO_WARNINGS. See online help for details.
         c:\program files (x86)\windows kits\10\include\10.0.10150.0\ucrt\stdio.h(205): note:  см. объявление "fopen"
     1>c:\md\md2.0\md2.0\md2.0.cpp(2332): warning C4996: 'fopen': This function or variable may be unsafe. Consider using fopen_s instead. To disable deprecation, use _CRT_SECURE_NO_WARNINGS. See online help for details.
         c:\program files (x86)\windows kits\10\include\10.0.10150.0\ucrt\stdio.h(205): note:  см. объявление "fopen"
     1>c:\md\md2.0\md2.0\md2.0.cpp(2339): warning C4996: 'fopen': This function or variable may be unsafe. Consider using fopen_s instead. To disable deprecation, use _CRT_SECURE_NO_WARNINGS. See online help for details.
         c:\program files (x86)\windows kits\10\include\10.0.10150.0\ucrt\stdio.h(205): note:  см. объявление "fopen"
       Link:
         C:\Program Files (x86)\Microsoft Visual Studio 14.0\VC\bin\x86_amd64\link.exe /ERRORREPORT:PROMPT /OUT:"C:\MD\MD2.0\x64\Debug\MD2.0.exe" /INCREMENTAL /NOLOGO kernel32.lib user32.lib gdi32.lib winspool.lib comdlg32.lib advapi32.lib shell32.lib ole32.lib oleaut32.lib uuid.lib odbc32.lib odbccp32.lib /MANIFEST /MANIFESTUAC:"level='asInvoker' uiAccess='false'" /manifest:embed /Debug /PDB:"C:\MD\MD2.0\x64\Debug\MD2.0.pdb" /SUBSYSTEM:CONSOLE /TLBID:1 /DYNAMICBASE /NXCOMPAT /IMPLIB:"C:\MD\MD2.0\x64\Debug\MD2.0.lib" /MACHINE:X64 x64\Debug\MD2.0.obj
         x64\Debug\stdafx.obj
         MD2.0.vcxproj -> C:\MD\MD2.0\x64\Debug\MD2.0.exe
     1>Сборка проекта "C:\MD\MD2.0\MD2.0\MD2.0.vcxproj" завершена (целевые объекты Build).

Сборка успешно завершена.

Затраченное время: 00:00:00.76
