  MD3.0.cpp
c:\md\md3.0\md3.0\md3.0\md3.0.cpp(704): warning C4996: 'fopen': This function or variable may be unsafe. Consider using fopen_s instead. To disable deprecation, use _CRT_SECURE_NO_WARNINGS. See online help for details.
  c:\program files (x86)\windows kits\10\include\10.0.10240.0\ucrt\stdio.h(205): note:  см. объявление "fopen"
c:\md\md3.0\md3.0\md3.0\md3.0.cpp(706): warning C4477: "fprintf": в строке форматирования "%.15le" требуется аргумент типа "double", но вариативный аргумент "2" имеет тип "double *"
c:\md\md3.0\md3.0\md3.0\md3.0.cpp(706): warning C4477: "fprintf": в строке форматирования "%.15le" требуется аргумент типа "double", но вариативный аргумент "3" имеет тип "double *"
c:\md\md3.0\md3.0\md3.0\md3.0.cpp(706): warning C4477: "fprintf": в строке форматирования "%.15le" требуется аргумент типа "double", но вариативный аргумент "4" имеет тип "double *"
c:\md\md3.0\md3.0\md3.0\md3.0.cpp(917): warning C4996: 'fscanf': This function or variable may be unsafe. Consider using fscanf_s instead. To disable deprecation, use _CRT_SECURE_NO_WARNINGS. See online help for details.
  c:\program files (x86)\windows kits\10\include\10.0.10240.0\ucrt\stdio.h(1193): note:  см. объявление "fscanf"
c:\md\md3.0\md3.0\md3.0\md3.0.cpp(920): warning C4996: 'fscanf': This function or variable may be unsafe. Consider using fscanf_s instead. To disable deprecation, use _CRT_SECURE_NO_WARNINGS. See online help for details.
  c:\program files (x86)\windows kits\10\include\10.0.10240.0\ucrt\stdio.h(1193): note:  см. объявление "fscanf"
c:\md\md3.0\md3.0\md3.0\md3.0.cpp(926): warning C4996: 'fscanf': This function or variable may be unsafe. Consider using fscanf_s instead. To disable deprecation, use _CRT_SECURE_NO_WARNINGS. See online help for details.
  c:\program files (x86)\windows kits\10\include\10.0.10240.0\ucrt\stdio.h(1193): note:  см. объявление "fscanf"
c:\md\md3.0\md3.0\md3.0\md3.0.cpp(914): warning C4101: i_copy: неиспользованная локальная переменная
c:\md\md3.0\md3.0\md3.0\md3.0.cpp(1032): warning C4996: 'fopen': This function or variable may be unsafe. Consider using fopen_s instead. To disable deprecation, use _CRT_SECURE_NO_WARNINGS. See online help for details.
  c:\program files (x86)\windows kits\10\include\10.0.10240.0\ucrt\stdio.h(205): note:  см. объявление "fopen"
c:\md\md3.0\md3.0\md3.0\md3.0.cpp(1040): warning C4996: 'fscanf': This function or variable may be unsafe. Consider using fscanf_s instead. To disable deprecation, use _CRT_SECURE_NO_WARNINGS. See online help for details.
  c:\program files (x86)\windows kits\10\include\10.0.10240.0\ucrt\stdio.h(1193): note:  см. объявление "fscanf"
c:\md\md3.0\md3.0\md3.0\md3.0.cpp(1043): warning C4996: 'fscanf': This function or variable may be unsafe. Consider using fscanf_s instead. To disable deprecation, use _CRT_SECURE_NO_WARNINGS. See online help for details.
  c:\program files (x86)\windows kits\10\include\10.0.10240.0\ucrt\stdio.h(1193): note:  см. объявление "fscanf"
c:\md\md3.0\md3.0\md3.0\md3.0.cpp(1046): warning C4996: 'fscanf': This function or variable may be unsafe. Consider using fscanf_s instead. To disable deprecation, use _CRT_SECURE_NO_WARNINGS. See online help for details.
  c:\program files (x86)\windows kits\10\include\10.0.10240.0\ucrt\stdio.h(1193): note:  см. объявление "fscanf"
c:\md\md3.0\md3.0\md3.0\md3.0.cpp(1148): warning C4996: 'fopen': This function or variable may be unsafe. Consider using fopen_s instead. To disable deprecation, use _CRT_SECURE_NO_WARNINGS. See online help for details.
  c:\program files (x86)\windows kits\10\include\10.0.10240.0\ucrt\stdio.h(205): note:  см. объявление "fopen"
c:\md\md3.0\md3.0\md3.0\md3.0.cpp(1214): warning C4244: =: преобразование "double" в "int", возможна потеря данных
c:\md\md3.0\md3.0\md3.0\md3.0.cpp(1215): warning C4244: =: преобразование "double" в "int", возможна потеря данных
c:\md\md3.0\md3.0\md3.0\md3.0.cpp(1842): warning C4996: 'fopen': This function or variable may be unsafe. Consider using fopen_s instead. To disable deprecation, use _CRT_SECURE_NO_WARNINGS. See online help for details.
  c:\program files (x86)\windows kits\10\include\10.0.10240.0\ucrt\stdio.h(205): note:  см. объявление "fopen"
c:\md\md3.0\md3.0\md3.0\md3.0.cpp(1995): warning C4996: 'fopen': This function or variable may be unsafe. Consider using fopen_s instead. To disable deprecation, use _CRT_SECURE_NO_WARNINGS. See online help for details.
  c:\program files (x86)\windows kits\10\include\10.0.10240.0\ucrt\stdio.h(205): note:  см. объявление "fopen"
c:\md\md3.0\md3.0\md3.0\md3.0.cpp(2281): warning C4244: аргумент: преобразование "__int64" в "short", возможна потеря данных
c:\md\md3.0\md3.0\md3.0\md3.0.cpp(2281): warning C4244: аргумент: преобразование "__int64" в "int", возможна потеря данных
c:\md\md3.0\md3.0\md3.0\md3.0.cpp(2292): warning C4244: аргумент: преобразование "__int64" в "int", возможна потеря данных
c:\md\md3.0\md3.0\md3.0\md3.0.cpp(2248): warning C4477: "printf": в строке форматирования "%d" требуется аргумент типа "int", но вариативный аргумент "2" имеет тип "__int64"
  c:\md\md3.0\md3.0\md3.0\md3.0.cpp(2248): note: рекомендуется использовать "%lld" в строке форматирования
  c:\md\md3.0\md3.0\md3.0\md3.0.cpp(2248): note: рекомендуется использовать "%I64d" в строке форматирования
c:\md\md3.0\md3.0\md3.0\md3.0.cpp(2254): warning C4996: 'fopen': This function or variable may be unsafe. Consider using fopen_s instead. To disable deprecation, use _CRT_SECURE_NO_WARNINGS. See online help for details.
  c:\program files (x86)\windows kits\10\include\10.0.10240.0\ucrt\stdio.h(205): note:  см. объявление "fopen"
c:\md\md3.0\md3.0\md3.0\md3.0.cpp(2264): warning C4477: "printf": в строке форматирования "%d" требуется аргумент типа "int", но вариативный аргумент "1" имеет тип "__int64"
  c:\md\md3.0\md3.0\md3.0\md3.0.cpp(2264): note: рекомендуется использовать "%lld" в строке форматирования
  c:\md\md3.0\md3.0\md3.0\md3.0.cpp(2264): note: рекомендуется использовать "%I64d" в строке форматирования
c:\md\md3.0\md3.0\md3.0\md3.0.cpp(2368): warning C4996: 'fopen': This function or variable may be unsafe. Consider using fopen_s instead. To disable deprecation, use _CRT_SECURE_NO_WARNINGS. See online help for details.
  c:\program files (x86)\windows kits\10\include\10.0.10240.0\ucrt\stdio.h(205): note:  см. объявление "fopen"
c:\md\md3.0\md3.0\md3.0\md3.0.cpp(2378): warning C4996: 'fopen': This function or variable may be unsafe. Consider using fopen_s instead. To disable deprecation, use _CRT_SECURE_NO_WARNINGS. See online help for details.
  c:\program files (x86)\windows kits\10\include\10.0.10240.0\ucrt\stdio.h(205): note:  см. объявление "fopen"
  MD3.0.vcxproj -> C:\MD\MD3.0\MD3.0\Debug\MD3.0.exe
