  MD3.0.cpp
MD3.0.cpp(985): warning C4996: 'fscanf': This function or variable may be unsafe. Consider using fscanf_s instead. To disable deprecation, use _CRT_SECURE_NO_WARNINGS. See online help for details.
  C:\Program Files (x86)\Windows Kits\10\Include\10.0.10240.0\ucrt\stdio.h(1193): note:  см. объявление "fscanf"
MD3.0.cpp(988): warning C4996: 'fscanf': This function or variable may be unsafe. Consider using fscanf_s instead. To disable deprecation, use _CRT_SECURE_NO_WARNINGS. See online help for details.
  C:\Program Files (x86)\Windows Kits\10\Include\10.0.10240.0\ucrt\stdio.h(1193): note:  см. объявление "fscanf"
MD3.0.cpp(994): warning C4996: 'fscanf': This function or variable may be unsafe. Consider using fscanf_s instead. To disable deprecation, use _CRT_SECURE_NO_WARNINGS. See online help for details.
  C:\Program Files (x86)\Windows Kits\10\Include\10.0.10240.0\ucrt\stdio.h(1193): note:  см. объявление "fscanf"
MD3.0.cpp(1109): warning C4996: 'fopen': This function or variable may be unsafe. Consider using fopen_s instead. To disable deprecation, use _CRT_SECURE_NO_WARNINGS. See online help for details.
  C:\Program Files (x86)\Windows Kits\10\Include\10.0.10240.0\ucrt\stdio.h(205): note:  см. объявление "fopen"
MD3.0.cpp(1117): warning C4996: 'fscanf': This function or variable may be unsafe. Consider using fscanf_s instead. To disable deprecation, use _CRT_SECURE_NO_WARNINGS. See online help for details.
  C:\Program Files (x86)\Windows Kits\10\Include\10.0.10240.0\ucrt\stdio.h(1193): note:  см. объявление "fscanf"
MD3.0.cpp(1120): warning C4996: 'fscanf': This function or variable may be unsafe. Consider using fscanf_s instead. To disable deprecation, use _CRT_SECURE_NO_WARNINGS. See online help for details.
  C:\Program Files (x86)\Windows Kits\10\Include\10.0.10240.0\ucrt\stdio.h(1193): note:  см. объявление "fscanf"
MD3.0.cpp(1123): warning C4996: 'fscanf': This function or variable may be unsafe. Consider using fscanf_s instead. To disable deprecation, use _CRT_SECURE_NO_WARNINGS. See online help for details.
  C:\Program Files (x86)\Windows Kits\10\Include\10.0.10240.0\ucrt\stdio.h(1193): note:  см. объявление "fscanf"
MD3.0.cpp(1126): warning C4996: 'fscanf': This function or variable may be unsafe. Consider using fscanf_s instead. To disable deprecation, use _CRT_SECURE_NO_WARNINGS. See online help for details.
  C:\Program Files (x86)\Windows Kits\10\Include\10.0.10240.0\ucrt\stdio.h(1193): note:  см. объявление "fscanf"
MD3.0.cpp(1246): warning C4996: 'fopen': This function or variable may be unsafe. Consider using fopen_s instead. To disable deprecation, use _CRT_SECURE_NO_WARNINGS. See online help for details.
  C:\Program Files (x86)\Windows Kits\10\Include\10.0.10240.0\ucrt\stdio.h(205): note:  см. объявление "fopen"
MD3.0.cpp(1779): warning C4996: 'fopen': This function or variable may be unsafe. Consider using fopen_s instead. To disable deprecation, use _CRT_SECURE_NO_WARNINGS. See online help for details.
  C:\Program Files (x86)\Windows Kits\10\Include\10.0.10240.0\ucrt\stdio.h(205): note:  см. объявление "fopen"
MD3.0.cpp(1857): warning C4996: 'fopen': This function or variable may be unsafe. Consider using fopen_s instead. To disable deprecation, use _CRT_SECURE_NO_WARNINGS. See online help for details.
  C:\Program Files (x86)\Windows Kits\10\Include\10.0.10240.0\ucrt\stdio.h(205): note:  см. объявление "fopen"
MD3.0.cpp(1945): warning C4996: 'fopen': This function or variable may be unsafe. Consider using fopen_s instead. To disable deprecation, use _CRT_SECURE_NO_WARNINGS. See online help for details.
  C:\Program Files (x86)\Windows Kits\10\Include\10.0.10240.0\ucrt\stdio.h(205): note:  см. объявление "fopen"
MD3.0.cpp(2045): warning C4996: 'fopen': This function or variable may be unsafe. Consider using fopen_s instead. To disable deprecation, use _CRT_SECURE_NO_WARNINGS. See online help for details.
  C:\Program Files (x86)\Windows Kits\10\Include\10.0.10240.0\ucrt\stdio.h(205): note:  см. объявление "fopen"
MD3.0.cpp(2239): warning C4244: =: преобразование "double" в "long", возможна потеря данных
MD3.0.cpp(2241): warning C4244: =: преобразование "double" в "long", возможна потеря данных
MD3.0.cpp(2243): warning C4244: =: преобразование "double" в "long", возможна потеря данных
MD3.0.cpp(2153): warning C4996: 'fopen': This function or variable may be unsafe. Consider using fopen_s instead. To disable deprecation, use _CRT_SECURE_NO_WARNINGS. See online help for details.
  C:\Program Files (x86)\Windows Kits\10\Include\10.0.10240.0\ucrt\stdio.h(205): note:  см. объявление "fopen"
MD3.0.cpp(2262): warning C4996: 'fopen': This function or variable may be unsafe. Consider using fopen_s instead. To disable deprecation, use _CRT_SECURE_NO_WARNINGS. See online help for details.
  C:\Program Files (x86)\Windows Kits\10\Include\10.0.10240.0\ucrt\stdio.h(205): note:  см. объявление "fopen"
MD3.0.cpp(2572): warning C4244: аргумент: преобразование "time_t" в "unsigned int", возможна потеря данных
MD3.0.cpp(2878): warning C4996: 'fopen': This function or variable may be unsafe. Consider using fopen_s instead. To disable deprecation, use _CRT_SECURE_NO_WARNINGS. See online help for details.
  C:\Program Files (x86)\Windows Kits\10\Include\10.0.10240.0\ucrt\stdio.h(205): note:  см. объявление "fopen"
MD3.0.cpp(2888): warning C4996: 'fopen': This function or variable may be unsafe. Consider using fopen_s instead. To disable deprecation, use _CRT_SECURE_NO_WARNINGS. See online help for details.
  C:\Program Files (x86)\Windows Kits\10\Include\10.0.10240.0\ucrt\stdio.h(205): note:  см. объявление "fopen"
  Создание кода
  All 200 functions were compiled because no usable IPDB/IOBJ from previous compilation was found.
  Создание кода завершено
  MD3.0.vcxproj -> C:\MD\MD3.0\x64\Release\MD3.0.exe
c:\md\md3.0\md3.0\md3.0.cpp(985): warning C6031: Возвращаемое значение пропущено: "fscanf".
c:\md\md3.0\md3.0\md3.0.cpp(988): warning C6031: Возвращаемое значение пропущено: "fscanf".
c:\md\md3.0\md3.0\md3.0.cpp(994): warning C6031: Возвращаемое значение пропущено: "fscanf".
c:\md\md3.0\md3.0\md3.0.cpp(1053): warning C6385: Чтение недопустимых данных из "boxes_yz":  доступный для чтения объем равен "1840000000" байт, однако считать можно только "y_box" байт.
c:\md\md3.0\md3.0\md3.0.cpp(1054): warning C6386: Переполнение буфера при записи в "boxes_yz":  доступный для записи объем равен "1840000000" байт, однако записать можно только "y_box" байт.
c:\md\md3.0\md3.0\md3.0.cpp(1117): warning C6031: Возвращаемое значение пропущено: "fscanf".
c:\md\md3.0\md3.0\md3.0.cpp(1120): warning C6031: Возвращаемое значение пропущено: "fscanf".
c:\md\md3.0\md3.0\md3.0.cpp(1123): warning C6031: Возвращаемое значение пропущено: "fscanf".
c:\md\md3.0\md3.0\md3.0.cpp(1126): warning C6031: Возвращаемое значение пропущено: "fscanf".
